Performing C SOURCE FILE Test FLAG_C_VISIBILITY_INLINES_HIDDEN failed with the following output:
Change Dir: /home/lami/Documents/GitHub/dolphin/build/CMakeFiles/CMakeTmp

Run Build Command(s):/usr/bin/make -f Makefile cmTC_6e409/fast && /usr/bin/make  -f CMakeFiles/cmTC_6e409.dir/build.make CMakeFiles/cmTC_6e409.dir/build
make[1]: Entering directory '/home/lami/Documents/GitHub/dolphin/build/CMakeFiles/CMakeTmp'
Building C object CMakeFiles/cmTC_6e409.dir/src.c.o
/usr/bin/cc -DFLAG_C_VISIBILITY_INLINES_HIDDEN  -Werror -fvisibility-inlines-hidden -o CMakeFiles/cmTC_6e409.dir/src.c.o -c /home/lami/Documents/GitHub/dolphin/build/CMakeFiles/CMakeTmp/src.c
cc1: error: command-line option '-fvisibility-inlines-hidden' is valid for C++/ObjC++ but not for C [-Werror]
cc1: all warnings being treated as errors
make[1]: *** [CMakeFiles/cmTC_6e409.dir/build.make:78: CMakeFiles/cmTC_6e409.dir/src.c.o] Error 1
make[1]: Leaving directory '/home/lami/Documents/GitHub/dolphin/build/CMakeFiles/CMakeTmp'
make: *** [Makefile:127: cmTC_6e409/fast] Error 2


Source file was:
int main(void) { return 0; }
Performing C SOURCE FILE Test FLAG_C_CXX11 failed with the following output:
Change Dir: /home/lami/Documents/GitHub/dolphin/build/CMakeFiles/CMakeTmp

Run Build Command(s):/usr/bin/make -f Makefile cmTC_5e47b/fast && /usr/bin/make  -f CMakeFiles/cmTC_5e47b.dir/build.make CMakeFiles/cmTC_5e47b.dir/build
make[1]: Entering directory '/home/lami/Documents/GitHub/dolphin/build/CMakeFiles/CMakeTmp'
Building C object CMakeFiles/cmTC_5e47b.dir/src.c.o
/usr/bin/cc -DFLAG_C_CXX11  -Werror -std=c++11 -o CMakeFiles/cmTC_5e47b.dir/src.c.o -c /home/lami/Documents/GitHub/dolphin/build/CMakeFiles/CMakeTmp/src.c
cc1: error: command-line option '-std=c++11' is valid for C++/ObjC++ but not for C [-Werror]
cc1: all warnings being treated as errors
make[1]: *** [CMakeFiles/cmTC_5e47b.dir/build.make:78: CMakeFiles/cmTC_5e47b.dir/src.c.o] Error 1
make[1]: Leaving directory '/home/lami/Documents/GitHub/dolphin/build/CMakeFiles/CMakeTmp'
make: *** [Makefile:127: cmTC_5e47b/fast] Error 2


Source file was:
int main(void) { return 0; }
Performing C SOURCE FILE Test HAVE_VPCLMULQDQ_INTRIN failed with the following output:
Change Dir: /home/lami/Documents/GitHub/dolphin/build/CMakeFiles/CMakeTmp

Run Build Command(s):/usr/bin/make -f Makefile cmTC_9d7f8/fast && /usr/bin/make  -f CMakeFiles/cmTC_9d7f8.dir/build.make CMakeFiles/cmTC_9d7f8.dir/build
make[1]: Entering directory '/home/lami/Documents/GitHub/dolphin/build/CMakeFiles/CMakeTmp'
Building C object CMakeFiles/cmTC_9d7f8.dir/src.c.o
/usr/bin/cc -DHAVE_VPCLMULQDQ_INTRIN  -mvpclmulqdq -std=c11 -o CMakeFiles/cmTC_9d7f8.dir/src.c.o -c /home/lami/Documents/GitHub/dolphin/build/CMakeFiles/CMakeTmp/src.c
/home/lami/Documents/GitHub/dolphin/build/CMakeFiles/CMakeTmp/src.c: In function ‘main’:
/home/lami/Documents/GitHub/dolphin/build/CMakeFiles/CMakeTmp/src.c:3:25: warning: AVX512F vector return without AVX512F enabled changes the ABI [-Wpsabi]
    3 |                 __m512i a = _mm512_setzero_si512();
      |                         ^
In file included from /usr/lib/gcc/x86_64-pc-linux-gnu/12.2.0/include/immintrin.h:49,
                 from /home/lami/Documents/GitHub/dolphin/build/CMakeFiles/CMakeTmp/src.c:1:
/usr/lib/gcc/x86_64-pc-linux-gnu/12.2.0/include/avx512fintrin.h:334:1: error: inlining failed in call to ‘always_inline’ ‘_mm512_setzero_si512’: target specific option mismatch
  334 | _mm512_setzero_si512 (void)
      | ^~~~~~~~~~~~~~~~~~~~
/home/lami/Documents/GitHub/dolphin/build/CMakeFiles/CMakeTmp/src.c:4:29: note: called from here
    4 |                 __m512i b = _mm512_setzero_si512();
      |                             ^~~~~~~~~~~~~~~~~~~~~~
/usr/lib/gcc/x86_64-pc-linux-gnu/12.2.0/include/avx512fintrin.h:334:1: error: inlining failed in call to ‘always_inline’ ‘_mm512_setzero_si512’: target specific option mismatch
  334 | _mm512_setzero_si512 (void)
      | ^~~~~~~~~~~~~~~~~~~~
/home/lami/Documents/GitHub/dolphin/build/CMakeFiles/CMakeTmp/src.c:3:29: note: called from here
    3 |                 __m512i a = _mm512_setzero_si512();
      |                             ^~~~~~~~~~~~~~~~~~~~~~
make[1]: *** [CMakeFiles/cmTC_9d7f8.dir/build.make:78: CMakeFiles/cmTC_9d7f8.dir/src.c.o] Error 1
make[1]: Leaving directory '/home/lami/Documents/GitHub/dolphin/build/CMakeFiles/CMakeTmp'
make: *** [Makefile:127: cmTC_9d7f8/fast] Error 2


Source file was:
#include <immintrin.h>
            int main(void) {
                __m512i a = _mm512_setzero_si512();
                __m512i b = _mm512_setzero_si512();
                __m512i c = _mm512_clmulepi64_epi128(a, b, 0x10);
                (void)c;
                return 0;
            }
Determining if files AudioUnit/AudioUnit.h exist failed with the following output:
Change Dir: /home/lami/Documents/GitHub/dolphin/build/CMakeFiles/CMakeTmp

Run Build Command(s):/usr/bin/make -f Makefile cmTC_edf6e/fast && /usr/bin/make  -f CMakeFiles/cmTC_edf6e.dir/build.make CMakeFiles/cmTC_edf6e.dir/build
make[1]: Entering directory '/home/lami/Documents/GitHub/dolphin/build/CMakeFiles/CMakeTmp'
Building C object CMakeFiles/cmTC_edf6e.dir/USE_AUDIOUNIT.c.o
/usr/bin/cc   -Wall -Wextra -Wno-unused-parameter  -o CMakeFiles/cmTC_edf6e.dir/USE_AUDIOUNIT.c.o -c /home/lami/Documents/GitHub/dolphin/build/CMakeFiles/CheckIncludeFiles/USE_AUDIOUNIT.c
/home/lami/Documents/GitHub/dolphin/build/CMakeFiles/CheckIncludeFiles/USE_AUDIOUNIT.c:2:10: fatal error: AudioUnit/AudioUnit.h: No such file or directory
    2 | #include <AudioUnit/AudioUnit.h>
      |          ^~~~~~~~~~~~~~~~~~~~~~~
compilation terminated.
make[1]: *** [CMakeFiles/cmTC_edf6e.dir/build.make:78: CMakeFiles/cmTC_edf6e.dir/USE_AUDIOUNIT.c.o] Error 1
make[1]: Leaving directory '/home/lami/Documents/GitHub/dolphin/build/CMakeFiles/CMakeTmp'
make: *** [Makefile:127: cmTC_edf6e/fast] Error 2


Source:
/* */
#include <AudioUnit/AudioUnit.h>


int main(void){return 0;}

Determining if files audioclient.h exist failed with the following output:
Change Dir: /home/lami/Documents/GitHub/dolphin/build/CMakeFiles/CMakeTmp

Run Build Command(s):/usr/bin/make -f Makefile cmTC_80560/fast && /usr/bin/make  -f CMakeFiles/cmTC_80560.dir/build.make CMakeFiles/cmTC_80560.dir/build
make[1]: Entering directory '/home/lami/Documents/GitHub/dolphin/build/CMakeFiles/CMakeTmp'
Building C object CMakeFiles/cmTC_80560.dir/USE_WASAPI.c.o
/usr/bin/cc   -Wall -Wextra -Wno-unused-parameter  -o CMakeFiles/cmTC_80560.dir/USE_WASAPI.c.o -c /home/lami/Documents/GitHub/dolphin/build/CMakeFiles/CheckIncludeFiles/USE_WASAPI.c
/home/lami/Documents/GitHub/dolphin/build/CMakeFiles/CheckIncludeFiles/USE_WASAPI.c:2:10: fatal error: audioclient.h: No such file or directory
    2 | #include <audioclient.h>
      |          ^~~~~~~~~~~~~~~
compilation terminated.
make[1]: *** [CMakeFiles/cmTC_80560.dir/build.make:78: CMakeFiles/cmTC_80560.dir/USE_WASAPI.c.o] Error 1
make[1]: Leaving directory '/home/lami/Documents/GitHub/dolphin/build/CMakeFiles/CMakeTmp'
make: *** [Makefile:127: cmTC_80560/fast] Error 2


Source:
/* */
#include <audioclient.h>


int main(void){return 0;}

Determining if files windows.h;mmsystem.h exist failed with the following output:
Change Dir: /home/lami/Documents/GitHub/dolphin/build/CMakeFiles/CMakeTmp

Run Build Command(s):/usr/bin/make -f Makefile cmTC_59362/fast && /usr/bin/make  -f CMakeFiles/cmTC_59362.dir/build.make CMakeFiles/cmTC_59362.dir/build
make[1]: Entering directory '/home/lami/Documents/GitHub/dolphin/build/CMakeFiles/CMakeTmp'
Building C object CMakeFiles/cmTC_59362.dir/USE_WINMM.c.o
/usr/bin/cc   -Wall -Wextra -Wno-unused-parameter  -o CMakeFiles/cmTC_59362.dir/USE_WINMM.c.o -c /home/lami/Documents/GitHub/dolphin/build/CMakeFiles/CheckIncludeFiles/USE_WINMM.c
/home/lami/Documents/GitHub/dolphin/build/CMakeFiles/CheckIncludeFiles/USE_WINMM.c:2:10: fatal error: windows.h: No such file or directory
    2 | #include <windows.h>
      |          ^~~~~~~~~~~
compilation terminated.
make[1]: *** [CMakeFiles/cmTC_59362.dir/build.make:78: CMakeFiles/cmTC_59362.dir/USE_WINMM.c.o] Error 1
make[1]: Leaving directory '/home/lami/Documents/GitHub/dolphin/build/CMakeFiles/CMakeTmp'
make: *** [Makefile:127: cmTC_59362/fast] Error 2


Source:
/* */
#include <windows.h>
#include <mmsystem.h>


int main(void){return 0;}

Determining if files SLES/OpenSLES.h exist failed with the following output:
Change Dir: /home/lami/Documents/GitHub/dolphin/build/CMakeFiles/CMakeTmp

Run Build Command(s):/usr/bin/make -f Makefile cmTC_bb6ef/fast && /usr/bin/make  -f CMakeFiles/cmTC_bb6ef.dir/build.make CMakeFiles/cmTC_bb6ef.dir/build
make[1]: Entering directory '/home/lami/Documents/GitHub/dolphin/build/CMakeFiles/CMakeTmp'
Building C object CMakeFiles/cmTC_bb6ef.dir/USE_OPENSL.c.o
/usr/bin/cc   -Wall -Wextra -Wno-unused-parameter  -o CMakeFiles/cmTC_bb6ef.dir/USE_OPENSL.c.o -c /home/lami/Documents/GitHub/dolphin/build/CMakeFiles/CheckIncludeFiles/USE_OPENSL.c
/home/lami/Documents/GitHub/dolphin/build/CMakeFiles/CheckIncludeFiles/USE_OPENSL.c:2:10: fatal error: SLES/OpenSLES.h: No such file or directory
    2 | #include <SLES/OpenSLES.h>
      |          ^~~~~~~~~~~~~~~~~
compilation terminated.
make[1]: *** [CMakeFiles/cmTC_bb6ef.dir/build.make:78: CMakeFiles/cmTC_bb6ef.dir/USE_OPENSL.c.o] Error 1
make[1]: Leaving directory '/home/lami/Documents/GitHub/dolphin/build/CMakeFiles/CMakeTmp'
make: *** [Makefile:127: cmTC_bb6ef/fast] Error 2


Source:
/* */
#include <SLES/OpenSLES.h>


int main(void){return 0;}

Determining if files android/log.h exist failed with the following output:
Change Dir: /home/lami/Documents/GitHub/dolphin/build/CMakeFiles/CMakeTmp

Run Build Command(s):/usr/bin/make -f Makefile cmTC_0965c/fast && /usr/bin/make  -f CMakeFiles/cmTC_0965c.dir/build.make CMakeFiles/cmTC_0965c.dir/build
make[1]: Entering directory '/home/lami/Documents/GitHub/dolphin/build/CMakeFiles/CMakeTmp'
Building C object CMakeFiles/cmTC_0965c.dir/USE_AUDIOTRACK.c.o
/usr/bin/cc   -Wall -Wextra -Wno-unused-parameter  -o CMakeFiles/cmTC_0965c.dir/USE_AUDIOTRACK.c.o -c /home/lami/Documents/GitHub/dolphin/build/CMakeFiles/CheckIncludeFiles/USE_AUDIOTRACK.c
/home/lami/Documents/GitHub/dolphin/build/CMakeFiles/CheckIncludeFiles/USE_AUDIOTRACK.c:2:10: fatal error: android/log.h: No such file or directory
    2 | #include <android/log.h>
      |          ^~~~~~~~~~~~~~~
compilation terminated.
make[1]: *** [CMakeFiles/cmTC_0965c.dir/build.make:78: CMakeFiles/cmTC_0965c.dir/USE_AUDIOTRACK.c.o] Error 1
make[1]: Leaving directory '/home/lami/Documents/GitHub/dolphin/build/CMakeFiles/CMakeTmp'
make: *** [Makefile:127: cmTC_0965c/fast] Error 2


Source:
/* */
#include <android/log.h>


int main(void){return 0;}

Determining if files sndio.h exist failed with the following output:
Change Dir: /home/lami/Documents/GitHub/dolphin/build/CMakeFiles/CMakeTmp

Run Build Command(s):/usr/bin/make -f Makefile cmTC_e5e00/fast && /usr/bin/make  -f CMakeFiles/cmTC_e5e00.dir/build.make CMakeFiles/cmTC_e5e00.dir/build
make[1]: Entering directory '/home/lami/Documents/GitHub/dolphin/build/CMakeFiles/CMakeTmp'
Building C object CMakeFiles/cmTC_e5e00.dir/USE_SNDIO.c.o
/usr/bin/cc   -Wall -Wextra -Wno-unused-parameter  -o CMakeFiles/cmTC_e5e00.dir/USE_SNDIO.c.o -c /home/lami/Documents/GitHub/dolphin/build/CMakeFiles/CheckIncludeFiles/USE_SNDIO.c
/home/lami/Documents/GitHub/dolphin/build/CMakeFiles/CheckIncludeFiles/USE_SNDIO.c:2:10: fatal error: sndio.h: No such file or directory
    2 | #include <sndio.h>
      |          ^~~~~~~~~
compilation terminated.
make[1]: *** [CMakeFiles/cmTC_e5e00.dir/build.make:78: CMakeFiles/cmTC_e5e00.dir/USE_SNDIO.c.o] Error 1
make[1]: Leaving directory '/home/lami/Documents/GitHub/dolphin/build/CMakeFiles/CMakeTmp'
make: *** [Makefile:127: cmTC_e5e00/fast] Error 2


Source:
/* */
#include <sndio.h>


int main(void){return 0;}

Determining if files kai.h exist failed with the following output:
Change Dir: /home/lami/Documents/GitHub/dolphin/build/CMakeFiles/CMakeTmp

Run Build Command(s):/usr/bin/make -f Makefile cmTC_869aa/fast && /usr/bin/make  -f CMakeFiles/cmTC_869aa.dir/build.make CMakeFiles/cmTC_869aa.dir/build
make[1]: Entering directory '/home/lami/Documents/GitHub/dolphin/build/CMakeFiles/CMakeTmp'
Building C object CMakeFiles/cmTC_869aa.dir/USE_KAI.c.o
/usr/bin/cc   -Wall -Wextra -Wno-unused-parameter  -o CMakeFiles/cmTC_869aa.dir/USE_KAI.c.o -c /home/lami/Documents/GitHub/dolphin/build/CMakeFiles/CheckIncludeFiles/USE_KAI.c
/home/lami/Documents/GitHub/dolphin/build/CMakeFiles/CheckIncludeFiles/USE_KAI.c:2:10: fatal error: kai.h: No such file or directory
    2 | #include <kai.h>
      |          ^~~~~~~
compilation terminated.
make[1]: *** [CMakeFiles/cmTC_869aa.dir/build.make:78: CMakeFiles/cmTC_869aa.dir/USE_KAI.c.o] Error 1
make[1]: Leaving directory '/home/lami/Documents/GitHub/dolphin/build/CMakeFiles/CMakeTmp'
make: *** [Makefile:127: cmTC_869aa/fast] Error 2


Source:
/* */
#include <kai.h>


int main(void){return 0;}

Determining if the function strlcpy exists failed with the following output:
Change Dir: /home/lami/Documents/GitHub/dolphin/build/CMakeFiles/CMakeTmp

Run Build Command(s):/usr/bin/make -f Makefile cmTC_0d7a6/fast && /usr/bin/make  -f CMakeFiles/cmTC_0d7a6.dir/build.make CMakeFiles/cmTC_0d7a6.dir/build
make[1]: Entering directory '/home/lami/Documents/GitHub/dolphin/build/CMakeFiles/CMakeTmp'
Building C object CMakeFiles/cmTC_0d7a6.dir/CheckFunctionExists.c.o
/usr/bin/cc   -Wall -Wextra -Wno-missing-field-initializers -Werror=implicit-function-declaration -DCHECK_FUNCTION_EXISTS=strlcpy -std=c99 -o CMakeFiles/cmTC_0d7a6.dir/CheckFunctionExists.c.o -c /usr/share/cmake/Modules/CheckFunctionExists.c
Linking C executable cmTC_0d7a6
/usr/bin/cmake -E cmake_link_script CMakeFiles/cmTC_0d7a6.dir/link.txt --verbose=1
/usr/bin/cc  -Wall -Wextra -Wno-missing-field-initializers -Werror=implicit-function-declaration -DCHECK_FUNCTION_EXISTS=strlcpy CMakeFiles/cmTC_0d7a6.dir/CheckFunctionExists.c.o -o cmTC_0d7a6 
/usr/bin/ld: CMakeFiles/cmTC_0d7a6.dir/CheckFunctionExists.c.o: in function `main':
CheckFunctionExists.c:(.text+0x10): undefined reference to `strlcpy'
collect2: error: ld returned 1 exit status
make[1]: *** [CMakeFiles/cmTC_0d7a6.dir/build.make:99: cmTC_0d7a6] Error 1
make[1]: Leaving directory '/home/lami/Documents/GitHub/dolphin/build/CMakeFiles/CMakeTmp'
make: *** [Makefile:127: cmTC_0d7a6/fast] Error 2



Determining if the function snprintf_l exists failed with the following output:
Change Dir: /home/lami/Documents/GitHub/dolphin/build/CMakeFiles/CMakeTmp

Run Build Command(s):/usr/bin/make -f Makefile cmTC_48881/fast && /usr/bin/make  -f CMakeFiles/cmTC_48881.dir/build.make CMakeFiles/cmTC_48881.dir/build
make[1]: Entering directory '/home/lami/Documents/GitHub/dolphin/build/CMakeFiles/CMakeTmp'
Building C object CMakeFiles/cmTC_48881.dir/CheckFunctionExists.c.o
/usr/bin/cc   -Wall -Wextra -Wno-missing-field-initializers -Werror=implicit-function-declaration -DCHECK_FUNCTION_EXISTS=snprintf_l -std=c99 -o CMakeFiles/cmTC_48881.dir/CheckFunctionExists.c.o -c /usr/share/cmake/Modules/CheckFunctionExists.c
Linking C executable cmTC_48881
/usr/bin/cmake -E cmake_link_script CMakeFiles/cmTC_48881.dir/link.txt --verbose=1
/usr/bin/cc  -Wall -Wextra -Wno-missing-field-initializers -Werror=implicit-function-declaration -DCHECK_FUNCTION_EXISTS=snprintf_l CMakeFiles/cmTC_48881.dir/CheckFunctionExists.c.o -o cmTC_48881 
/usr/bin/ld: CMakeFiles/cmTC_48881.dir/CheckFunctionExists.c.o: in function `main':
CheckFunctionExists.c:(.text+0x10): undefined reference to `snprintf_l'
collect2: error: ld returned 1 exit status
make[1]: *** [CMakeFiles/cmTC_48881.dir/build.make:99: cmTC_48881] Error 1
make[1]: Leaving directory '/home/lami/Documents/GitHub/dolphin/build/CMakeFiles/CMakeTmp'
make: *** [Makefile:127: cmTC_48881/fast] Error 2



Determining if files xlocale.h exist failed with the following output:
Change Dir: /home/lami/Documents/GitHub/dolphin/build/CMakeFiles/CMakeTmp

Run Build Command(s):/usr/bin/make -f Makefile cmTC_70470/fast && /usr/bin/make  -f CMakeFiles/cmTC_70470.dir/build.make CMakeFiles/cmTC_70470.dir/build
make[1]: Entering directory '/home/lami/Documents/GitHub/dolphin/build/CMakeFiles/CMakeTmp'
Building C object CMakeFiles/cmTC_70470.dir/HAVE_XLOCALE.c.o
/usr/bin/cc   -Wall -Wextra -Wno-missing-field-initializers -Werror=implicit-function-declaration  -o CMakeFiles/cmTC_70470.dir/HAVE_XLOCALE.c.o -c /home/lami/Documents/GitHub/dolphin/build/CMakeFiles/CheckIncludeFiles/HAVE_XLOCALE.c
/home/lami/Documents/GitHub/dolphin/build/CMakeFiles/CheckIncludeFiles/HAVE_XLOCALE.c:2:10: fatal error: xlocale.h: No such file or directory
    2 | #include <xlocale.h>
      |          ^~~~~~~~~~~
compilation terminated.
make[1]: *** [CMakeFiles/cmTC_70470.dir/build.make:78: CMakeFiles/cmTC_70470.dir/HAVE_XLOCALE.c.o] Error 1
make[1]: Leaving directory '/home/lami/Documents/GitHub/dolphin/build/CMakeFiles/CMakeTmp'
make: *** [Makefile:127: cmTC_70470/fast] Error 2


Source:
/* */
#include <xlocale.h>


int main(void){return 0;}

Determining if files pthread_np.h exist failed with the following output:
Change Dir: /home/lami/Documents/GitHub/dolphin/build/CMakeFiles/CMakeTmp

Run Build Command(s):/usr/bin/make -f Makefile cmTC_25885/fast && /usr/bin/make  -f CMakeFiles/cmTC_25885.dir/build.make CMakeFiles/cmTC_25885.dir/build
make[1]: Entering directory '/home/lami/Documents/GitHub/dolphin/build/CMakeFiles/CMakeTmp'
Building C object CMakeFiles/cmTC_25885.dir/HAVE_PTHREAD_NP_H.c.o
/usr/bin/cc   -Wall -Wextra -Wno-missing-field-initializers -Werror=implicit-function-declaration -pthread  -o CMakeFiles/cmTC_25885.dir/HAVE_PTHREAD_NP_H.c.o -c /home/lami/Documents/GitHub/dolphin/build/CMakeFiles/CheckIncludeFiles/HAVE_PTHREAD_NP_H.c
/home/lami/Documents/GitHub/dolphin/build/CMakeFiles/CheckIncludeFiles/HAVE_PTHREAD_NP_H.c:2:10: fatal error: pthread_np.h: No such file or directory
    2 | #include <pthread_np.h>
      |          ^~~~~~~~~~~~~~
compilation terminated.
make[1]: *** [CMakeFiles/cmTC_25885.dir/build.make:78: CMakeFiles/cmTC_25885.dir/HAVE_PTHREAD_NP_H.c.o] Error 1
make[1]: Leaving directory '/home/lami/Documents/GitHub/dolphin/build/CMakeFiles/CMakeTmp'
make: *** [Makefile:127: cmTC_25885/fast] Error 2


Source:
/* */
#include <pthread_np.h>


int main(void){return 0;}

Determining if the function pthread_set_name_np exists failed with the following output:
Change Dir: /home/lami/Documents/GitHub/dolphin/build/CMakeFiles/CMakeTmp

Run Build Command(s):/usr/bin/make -f Makefile cmTC_efd91/fast && /usr/bin/make  -f CMakeFiles/cmTC_efd91.dir/build.make CMakeFiles/cmTC_efd91.dir/build
make[1]: Entering directory '/home/lami/Documents/GitHub/dolphin/build/CMakeFiles/CMakeTmp'
Building C object CMakeFiles/cmTC_efd91.dir/CheckFunctionExists.c.o
/usr/bin/cc   -Wall -Wextra -Wno-missing-field-initializers -Werror=implicit-function-declaration -pthread -DCHECK_FUNCTION_EXISTS=pthread_set_name_np -std=c99 -o CMakeFiles/cmTC_efd91.dir/CheckFunctionExists.c.o -c /usr/share/cmake/Modules/CheckFunctionExists.c
Linking C executable cmTC_efd91
/usr/bin/cmake -E cmake_link_script CMakeFiles/cmTC_efd91.dir/link.txt --verbose=1
/usr/bin/cc  -Wall -Wextra -Wno-missing-field-initializers -Werror=implicit-function-declaration -pthread -DCHECK_FUNCTION_EXISTS=pthread_set_name_np CMakeFiles/cmTC_efd91.dir/CheckFunctionExists.c.o -o cmTC_efd91 
/usr/bin/ld: CMakeFiles/cmTC_efd91.dir/CheckFunctionExists.c.o: in function `main':
CheckFunctionExists.c:(.text+0x10): undefined reference to `pthread_set_name_np'
collect2: error: ld returned 1 exit status
make[1]: *** [CMakeFiles/cmTC_efd91.dir/build.make:99: cmTC_efd91] Error 1
make[1]: Leaving directory '/home/lami/Documents/GitHub/dolphin/build/CMakeFiles/CMakeTmp'
make: *** [Makefile:127: cmTC_efd91/fast] Error 2



Determining if the function crc32 exists failed with the following output:
Change Dir: /home/lami/Documents/GitHub/dolphin/build/CMakeFiles/CMakeTmp

Run Build Command(s):/usr/bin/make -f Makefile cmTC_9fe04/fast && /usr/bin/make  -f CMakeFiles/cmTC_9fe04.dir/build.make CMakeFiles/cmTC_9fe04.dir/build
make[1]: Entering directory '/home/lami/Documents/GitHub/dolphin/build/CMakeFiles/CMakeTmp'
Building C object CMakeFiles/cmTC_9fe04.dir/CheckFunctionExists.c.o
/usr/bin/cc   -Wall -Wextra -Wno-missing-field-initializers -Werror=implicit-function-declaration -pthread -DCHECK_FUNCTION_EXISTS=crc32 -std=c99 -o CMakeFiles/cmTC_9fe04.dir/CheckFunctionExists.c.o -c /usr/share/cmake/Modules/CheckFunctionExists.c
Linking C executable cmTC_9fe04
/usr/bin/cmake -E cmake_link_script CMakeFiles/cmTC_9fe04.dir/link.txt --verbose=1
/usr/bin/cc  -Wall -Wextra -Wno-missing-field-initializers -Werror=implicit-function-declaration -pthread -DCHECK_FUNCTION_EXISTS=crc32 CMakeFiles/cmTC_9fe04.dir/CheckFunctionExists.c.o -o cmTC_9fe04 
/usr/bin/ld: CMakeFiles/cmTC_9fe04.dir/CheckFunctionExists.c.o: in function `main':
CheckFunctionExists.c:(.text+0x10): undefined reference to `crc32'
collect2: error: ld returned 1 exit status
make[1]: *** [CMakeFiles/cmTC_9fe04.dir/build.make:99: cmTC_9fe04] Error 1
make[1]: Leaving directory '/home/lami/Documents/GitHub/dolphin/build/CMakeFiles/CMakeTmp'
make: *** [Makefile:127: cmTC_9fe04/fast] Error 2



Performing C SOURCE FILE Test FLAG_C_MISSING_VARIABLE_DECLARATIONS failed with the following output:
Change Dir: /home/lami/Documents/GitHub/dolphin/build/CMakeFiles/CMakeTmp

Run Build Command(s):/usr/bin/make -f Makefile cmTC_f61e1/fast && /usr/bin/make  -f CMakeFiles/cmTC_f61e1.dir/build.make CMakeFiles/cmTC_f61e1.dir/build
make[1]: Entering directory '/home/lami/Documents/GitHub/dolphin/build/CMakeFiles/CMakeTmp'
Building C object CMakeFiles/cmTC_f61e1.dir/src.c.o
/usr/bin/cc -DFLAG_C_MISSING_VARIABLE_DECLARATIONS  -Werror -Wmissing-variable-declarations -o CMakeFiles/cmTC_f61e1.dir/src.c.o -c /home/lami/Documents/GitHub/dolphin/build/CMakeFiles/CMakeTmp/src.c
cc: error: unrecognized command-line option '-Wmissing-variable-declarations'; did you mean '-Wmissing-declarations'?
make[1]: *** [CMakeFiles/cmTC_f61e1.dir/build.make:78: CMakeFiles/cmTC_f61e1.dir/src.c.o] Error 1
make[1]: Leaving directory '/home/lami/Documents/GitHub/dolphin/build/CMakeFiles/CMakeTmp'
make: *** [Makefile:127: cmTC_f61e1/fast] Error 2


Source file was:
int main(void) { return 0; }
Performing C++ SOURCE FILE Test FLAG_CXX_MISSING_VARIABLE_DECLARATIONS failed with the following output:
Change Dir: /home/lami/Documents/GitHub/dolphin/build/CMakeFiles/CMakeTmp

Run Build Command(s):/usr/bin/make -f Makefile cmTC_d1b70/fast && /usr/bin/make  -f CMakeFiles/cmTC_d1b70.dir/build.make CMakeFiles/cmTC_d1b70.dir/build
make[1]: Entering directory '/home/lami/Documents/GitHub/dolphin/build/CMakeFiles/CMakeTmp'
Building CXX object CMakeFiles/cmTC_d1b70.dir/src.cxx.o
/usr/bin/c++ -DFLAG_CXX_MISSING_VARIABLE_DECLARATIONS  -Werror -Wmissing-variable-declarations -std=c++20 -o CMakeFiles/cmTC_d1b70.dir/src.cxx.o -c /home/lami/Documents/GitHub/dolphin/build/CMakeFiles/CMakeTmp/src.cxx
c++: error: unrecognized command-line option '-Wmissing-variable-declarations'; did you mean '-Wmissing-declarations'?
make[1]: *** [CMakeFiles/cmTC_d1b70.dir/build.make:78: CMakeFiles/cmTC_d1b70.dir/src.cxx.o] Error 1
make[1]: Leaving directory '/home/lami/Documents/GitHub/dolphin/build/CMakeFiles/CMakeTmp'
make: *** [Makefile:127: cmTC_d1b70/fast] Error 2


Source file was:
int main() { return 0; }
